<?xml version="1.0" encoding="utf-8"?><testsuites name="pytest tests"><testsuite name="pytest" errors="0" failures="2" skipped="0" tests="23" time="3.504" timestamp="2026-05-14T07:20:40.344850+00:00" hostname="agent-env-7495c9ce-4c3b-4fce-ade1-6c31775c81a8"><testcase classname="backend.tests.test_iteration4.TestCustomStrategies" name="test_create_custom_valid" time="0.350" /><testcase classname="backend.tests.test_iteration4.TestCustomStrategies" name="test_create_empty_legs_400" time="0.047" /><testcase classname="backend.tests.test_iteration4.TestCustomStrategies" name="test_create_too_many_legs_400" time="0.044" /><testcase classname="backend.tests.test_iteration4.TestCustomStrategies" name="test_create_invalid_action_400" time="0.047" /><testcase classname="backend.tests.test_iteration4.TestCustomStrategies" name="test_create_invalid_type_400" time="0.047" /><testcase classname="backend.tests.test_iteration4.TestCustomStrategies" name="test_list_custom_sorted_desc" time="0.089" /><testcase classname="backend.tests.test_iteration4.TestCustomStrategies" name="test_greeks_with_custom" time="0.044" /><testcase classname="backend.tests.test_iteration4.TestCustomStrategies" name="test_greeks_custom_without_username_404" time="0.045"><failure message="assert 200 == 404&#10; +  where 200 = &lt;Response [200]&gt;.status_code">backend/tests/test_iteration4.py:84: in test_greeks_custom_without_username_404
    assert r.status_code == 404
E   assert 200 == 404
E    +  where 200 = &lt;Response [200]&gt;.status_code</failure></testcase><testcase classname="backend.tests.test_iteration4.TestCustomStrategies" name="test_payoff_with_custom" time="0.048" /><testcase classname="backend.tests.test_iteration4.TestCustomStrategies" name="test_apply_custom_trade" time="0.045"><failure message="AssertionError: {&quot;detail&quot;:&quot;Strategy not found&quot;}&#10;assert 404 == 200&#10; +  where 404 = &lt;Response [404]&gt;.status_code">backend/tests/test_iteration4.py:98: in test_apply_custom_trade
    assert r.status_code == 200, r.text
E   AssertionError: {"detail":"Strategy not found"}
E   assert 404 == 200
E    +  where 404 = &lt;Response [404]&gt;.status_code</failure></testcase><testcase classname="backend.tests.test_iteration4.TestCustomStrategies" name="test_delete_custom" time="0.093" /><testcase classname="backend.tests.test_iteration4.TestWebSocket" name="test_ws_chain_nifty" time="2.011" /><testcase classname="backend.tests.test_iteration4.TestWebSocket" name="test_ws_invalid_symbol_closes" time="0.002" /><testcase classname="backend.tests.test_iteration4.TestRegression" name="test_market_snapshot" time="0.046" /><testcase classname="backend.tests.test_iteration4.TestRegression" name="test_option_chain" time="0.050" /><testcase classname="backend.tests.test_iteration4.TestRegression" name="test_strategies_list" time="0.043" /><testcase classname="backend.tests.test_iteration4.TestRegression" name="test_recommended" time="0.044" /><testcase classname="backend.tests.test_iteration4.TestRegression" name="test_apply_builtin" time="0.057" /><testcase classname="backend.tests.test_iteration4.TestRegression" name="test_portfolio" time="0.047" /><testcase classname="backend.tests.test_iteration4.TestRegression" name="test_greeks_builtin" time="0.046" /><testcase classname="backend.tests.test_iteration4.TestRegression" name="test_payoff_builtin" time="0.043" /><testcase classname="backend.tests.test_iteration4.TestRegression" name="test_backtest_v2_synth" time="0.045" /><testcase classname="backend.tests.test_iteration4.TestRegression" name="test_payments_config" time="0.043" /></testsuite></testsuites>