<?xml version="1.0" encoding="utf-8"?><testsuites name="pytest tests"><testsuite name="pytest" errors="0" failures="0" skipped="0" tests="19" time="11.669" timestamp="2026-05-14T05:23:46.158958+00:00" hostname="agent-env-7495c9ce-4c3b-4fce-ade1-6c31775c81a8"><testcase classname="backend.tests.test_iteration2.TestGreeks" name="test_greeks_iron_condor" time="0.358" /><testcase classname="backend.tests.test_iteration2.TestGreeks" name="test_greeks_all_strategies[short_strangle]" time="0.066" /><testcase classname="backend.tests.test_iteration2.TestGreeks" name="test_greeks_all_strategies[bull_put_spread]" time="0.050" /><testcase classname="backend.tests.test_iteration2.TestGreeks" name="test_greeks_all_strategies[covered_call]" time="0.054" /><testcase classname="backend.tests.test_iteration2.TestGreeks" name="test_greeks_all_strategies[long_straddle]" time="0.050" /><testcase classname="backend.tests.test_iteration2.TestGreeks" name="test_greeks_invalid_strategy" time="0.053" /><testcase classname="backend.tests.test_iteration2.TestPayoff" name="test_payoff_iron_condor" time="0.053" /><testcase classname="backend.tests.test_iteration2.TestPayoff" name="test_payoff_long_straddle" time="0.050" /><testcase classname="backend.tests.test_iteration2.TestPayoff" name="test_payoff_lots_scaling" time="0.115" /><testcase classname="backend.tests.test_iteration2.TestBacktest" name="test_backtest_short_strangle_expiry" time="0.051" /><testcase classname="backend.tests.test_iteration2.TestBacktest" name="test_backtest_target_sl_differs" time="0.110" /><testcase classname="backend.tests.test_iteration2.TestPayments" name="test_payments_config" time="0.050" /><testcase classname="backend.tests.test_iteration2.TestPayments" name="test_create_order" time="0.889" /><testcase classname="backend.tests.test_iteration2.TestPayments" name="test_checkout_html" time="0.058" /><testcase classname="backend.tests.test_iteration2.TestPayments" name="test_verify_invalid_signature" time="0.052" /><testcase classname="backend.tests.test_iteration2.TestPayments" name="test_verify_valid_signature_makes_pro" time="0.538" /><testcase classname="backend.tests.test_iteration2.TestRegression" name="test_old_login_works" time="0.050" /><testcase classname="backend.tests.test_iteration2.TestRegression" name="test_snapshot_chain_strategies" time="0.145" /><testcase classname="backend.tests.test_iteration2.TestRegression" name="test_advisor_apply_close_portfolio" time="8.780" /></testsuite></testsuites>