<?xml version="1.0" encoding="utf-8"?><testsuites name="pytest tests"><testsuite name="pytest" errors="0" failures="1" skipped="0" tests="23" time="3.723" timestamp="2026-05-14T07:24:46.741771+00:00" hostname="agent-env-7495c9ce-4c3b-4fce-ade1-6c31775c81a8"><testcase classname="backend.tests.test_iteration4.TestCustomStrategies" name="test_create_custom_valid" time="0.300" /><testcase classname="backend.tests.test_iteration4.TestCustomStrategies" name="test_create_empty_legs_400" time="0.065" /><testcase classname="backend.tests.test_iteration4.TestCustomStrategies" name="test_create_too_many_legs_400" time="0.047" /><testcase classname="backend.tests.test_iteration4.TestCustomStrategies" name="test_create_invalid_action_400" time="0.058" /><testcase classname="backend.tests.test_iteration4.TestCustomStrategies" name="test_create_invalid_type_400" time="0.064" /><testcase classname="backend.tests.test_iteration4.TestCustomStrategies" name="test_list_custom_sorted_desc" time="0.105" /><testcase classname="backend.tests.test_iteration4.TestCustomStrategies" name="test_greeks_with_custom" time="0.068" /><testcase classname="backend.tests.test_iteration4.TestCustomStrategies" name="test_greeks_custom_without_username_404" time="0.070"><failure message="assert 200 == 404&#10; +  where 200 = &lt;Response [200]&gt;.status_code">backend/tests/test_iteration4.py:84: in test_greeks_custom_without_username_404
    assert r.status_code == 404
E   assert 200 == 404
E    +  where 200 = &lt;Response [200]&gt;.status_code</failure></testcase><testcase classname="backend.tests.test_iteration4.TestCustomStrategies" name="test_payoff_with_custom" time="0.063" /><testcase classname="backend.tests.test_iteration4.TestCustomStrategies" name="test_apply_custom_trade" time="0.067" /><testcase classname="backend.tests.test_iteration4.TestCustomStrategies" name="test_delete_custom" time="0.123" /><testcase classname="backend.tests.test_iteration4.TestWebSocket" name="test_ws_chain_nifty" time="2.011" /><testcase classname="backend.tests.test_iteration4.TestWebSocket" name="test_ws_invalid_symbol_closes" time="0.002" /><testcase classname="backend.tests.test_iteration4.TestRegression" name="test_market_snapshot" time="0.066" /><testcase classname="backend.tests.test_iteration4.TestRegression" name="test_option_chain" time="0.045" /><testcase classname="backend.tests.test_iteration4.TestRegression" name="test_strategies_list" time="0.059" /><testcase classname="backend.tests.test_iteration4.TestRegression" name="test_recommended" time="0.079" /><testcase classname="backend.tests.test_iteration4.TestRegression" name="test_apply_builtin" time="0.047" /><testcase classname="backend.tests.test_iteration4.TestRegression" name="test_portfolio" time="0.059" /><testcase classname="backend.tests.test_iteration4.TestRegression" name="test_greeks_builtin" time="0.069" /><testcase classname="backend.tests.test_iteration4.TestRegression" name="test_payoff_builtin" time="0.045" /><testcase classname="backend.tests.test_iteration4.TestRegression" name="test_backtest_v2_synth" time="0.062" /><testcase classname="backend.tests.test_iteration4.TestRegression" name="test_payments_config" time="0.065" /></testsuite></testsuites>