<?xml version="1.0" encoding="utf-8"?><testsuites name="pytest tests"><testsuite name="pytest" errors="0" failures="0" skipped="0" tests="23" time="8.877" timestamp="2026-05-14T08:01:05.511002+00:00" hostname="agent-env-7495c9ce-4c3b-4fce-ade1-6c31775c81a8"><testcase classname="backend.tests.test_iteration6.TestMarketplace" name="test_publish_non_owned_returns_404" time="0.253" /><testcase classname="backend.tests.test_iteration6.TestMarketplace" name="test_publish_flips_is_public" time="0.048" /><testcase classname="backend.tests.test_iteration6.TestMarketplace" name="test_listing_excludes_private_includes_public" time="0.046" /><testcase classname="backend.tests.test_iteration6.TestMarketplace" name="test_install_own_strategy_returns_400" time="0.047" /><testcase classname="backend.tests.test_iteration6.TestMarketplace" name="test_install_clones_into_buyer_library" time="0.138" /><testcase classname="backend.tests.test_iteration6.TestMarketplace" name="test_buyer_sees_clone_in_custom_list" time="0.050" /><testcase classname="backend.tests.test_iteration6.TestMarketplace" name="test_buyer_can_apply_cloned" time="0.046" /><testcase classname="backend.tests.test_iteration6.TestMarketplace" name="test_unpublish_reverts_public" time="0.090" /><testcase classname="backend.tests.test_iteration6.TestMarketplace" name="test_unpublish_non_owned_404" time="0.044" /><testcase classname="backend.tests.test_iteration6.TestPositionsWS" name="test_ws_zero_trades" time="0.011" /><testcase classname="backend.tests.test_iteration6.TestPositionsWS" name="test_ws_with_open_trades" time="0.003" /><testcase classname="backend.tests.test_iteration6.TestPositionsWS" name="test_ws_streams_every_2s" time="2.005" /><testcase classname="backend.tests.test_iteration6.TestRegression" name="test_auth_login" time="0.049" /><testcase classname="backend.tests.test_iteration6.TestRegression" name="test_market_snapshot" time="0.045" /><testcase classname="backend.tests.test_iteration6.TestRegression" name="test_option_chain" time="0.048" /><testcase classname="backend.tests.test_iteration6.TestRegression" name="test_builtin_strategies" time="0.044" /><testcase classname="backend.tests.test_iteration6.TestRegression" name="test_advisor" time="5.564" /><testcase classname="backend.tests.test_iteration6.TestRegression" name="test_portfolio" time="0.046" /><testcase classname="backend.tests.test_iteration6.TestRegression" name="test_greeks_builtin" time="0.043" /><testcase classname="backend.tests.test_iteration6.TestRegression" name="test_payoff_builtin" time="0.046" /><testcase classname="backend.tests.test_iteration6.TestRegression" name="test_backtest_v1" time="0.046" /><testcase classname="backend.tests.test_iteration6.TestRegression" name="test_notifications" time="0.047" /><testcase classname="backend.tests.test_iteration6.TestRegression" name="test_historical" time="0.051" /></testsuite></testsuites>