<?xml version="1.0" encoding="utf-8"?><testsuites name="pytest tests"><testsuite name="pytest" errors="0" failures="1" skipped="0" tests="26" time="14.222" timestamp="2026-05-14T06:00:26.574445+00:00" hostname="agent-env-7495c9ce-4c3b-4fce-ade1-6c31775c81a8"><testcase classname="backend.tests.test_iteration3.TestBrokerMirror" name="test_mirror_first_call" time="0.282" /><testcase classname="backend.tests.test_iteration3.TestBrokerMirror" name="test_mirror_idempotent" time="0.046" /><testcase classname="backend.tests.test_iteration3.TestBrokerMirror" name="test_mirror_unknown_trade" time="0.045" /><testcase classname="backend.tests.test_iteration3.TestNotifications" name="test_register_token" time="0.059" /><testcase classname="backend.tests.test_iteration3.TestNotifications" name="test_register_token_idempotent" time="0.047" /><testcase classname="backend.tests.test_iteration3.TestNotifications" name="test_send_alert_creates_inapp" time="0.168" /><testcase classname="backend.tests.test_iteration3.TestNotifications" name="test_strategy_alert" time="0.081" /><testcase classname="backend.tests.test_iteration3.TestNotifications" name="test_list_alerts_sorted_desc" time="0.047" /><testcase classname="backend.tests.test_iteration3.TestHistorical" name="test_synthetic_source" time="0.046" /><testcase classname="backend.tests.test_iteration3.TestHistorical" name="test_yfinance_or_fallback" time="0.340" /><testcase classname="backend.tests.test_iteration3.TestHistorical" name="test_backtest_v2_synthetic" time="0.045" /><testcase classname="backend.tests.test_iteration3.TestHistorical" name="test_backtest_v2_yfinance" time="0.068" /><testcase classname="backend.tests.test_iteration3.TestSubscriptionAndWebhook" name="test_create_subscription" time="1.745"><failure message="AssertionError: Internal Server Error&#10;assert 500 == 200&#10; +  where 500 = &lt;Response [500]&gt;.status_code">backend/tests/test_iteration3.py:163: in test_create_subscription
    assert r.status_code == 200, r.text
E   AssertionError: Internal Server Error
E   assert 500 == 200
E    +  where 500 = &lt;Response [500]&gt;.status_code</failure></testcase><testcase classname="backend.tests.test_iteration3.TestSubscriptionAndWebhook" name="test_webhook_bad_signature" time="0.044" /><testcase classname="backend.tests.test_iteration3.TestSubscriptionAndWebhook" name="test_webhook_valid_signature_activates_pro" time="0.180" /><testcase classname="backend.tests.test_iteration3.TestRegression" name="test_market_snapshot" time="0.055" /><testcase classname="backend.tests.test_iteration3.TestRegression" name="test_option_chain" time="0.047" /><testcase classname="backend.tests.test_iteration3.TestRegression" name="test_strategies" time="0.043" /><testcase classname="backend.tests.test_iteration3.TestRegression" name="test_advisor" time="9.689" /><testcase classname="backend.tests.test_iteration3.TestRegression" name="test_portfolio" time="0.045" /><testcase classname="backend.tests.test_iteration3.TestRegression" name="test_greeks" time="0.043" /><testcase classname="backend.tests.test_iteration3.TestRegression" name="test_payoff" time="0.044" /><testcase classname="backend.tests.test_iteration3.TestRegression" name="test_backtest_v1" time="0.044" /><testcase classname="backend.tests.test_iteration3.TestRegression" name="test_payments_config" time="0.042" /><testcase classname="backend.tests.test_iteration3.TestRegression" name="test_payments_create_order" time="0.424" /><testcase classname="backend.tests.test_iteration3.TestRegression" name="test_payments_checkout_html" time="0.385" /></testsuite></testsuites>