<?xml version="1.0" encoding="utf-8"?><testsuites name="pytest tests"><testsuite name="pytest" errors="0" failures="0" skipped="0" tests="15" time="8.987" timestamp="2026-05-14T04:42:49.888153+00:00" hostname="agent-env-7495c9ce-4c3b-4fce-ade1-6c31775c81a8"><testcase classname="backend.tests.test_options_master" name="test_health_root" time="0.265" /><testcase classname="backend.tests.test_options_master" name="test_auth_login_creates_user" time="0.058" /><testcase classname="backend.tests.test_options_master" name="test_auth_login_rohit_idempotent" time="0.050" /><testcase classname="backend.tests.test_options_master" name="test_market_snapshot" time="0.052" /><testcase classname="backend.tests.test_options_master" name="test_option_chain_nifty" time="0.050" /><testcase classname="backend.tests.test_options_master" name="test_option_chain_invalid_symbol" time="0.049" /><testcase classname="backend.tests.test_options_master" name="test_list_strategies" time="0.052" /><testcase classname="backend.tests.test_options_master" name="test_recommended_strategy" time="0.047" /><testcase classname="backend.tests.test_options_master" name="test_advisor" time="7.577" /><testcase classname="backend.tests.test_options_master" name="test_apply_increments_xp" time="0.159" /><testcase classname="backend.tests.test_options_master" name="test_list_trades_has_unrealized" time="0.049" /><testcase classname="backend.tests.test_options_master" name="test_portfolio" time="0.055" /><testcase classname="backend.tests.test_options_master" name="test_close_trade" time="0.145" /><testcase classname="backend.tests.test_options_master" name="test_daily_reward_first_then_second" time="0.144" /><testcase classname="backend.tests.test_options_master" name="test_upgrade_pro" time="0.096" /></testsuite></testsuites>